"2024-09-13 22:15:03,069 INFO  [main] com.dogukan.StudentManagementApplication:Starting StudentManagementApplication using Java 17.0.11 on DESKTOP-UFHJBGA with PID 4492 (C:\Users\dhn19\OneDrive\Masa端st端\YAZILIM\TechProEducation\SpringBootProject\student-management\target\classes started by dhn19 in C:\Users\dhn19\OneDrive\Masa端st端\YAZILIM\TechProEducation\SpringBootProject\student-management)
""2024-09-13 22:15:03,076 INFO  [main] com.dogukan.StudentManagementApplication:No active profile set, falling back to 1 default profile: "default"
""2024-09-13 22:15:03,794 INFO  [main] org.springframework.data.repository.config.RepositoryConfigurationDelegate:Bootstrapping Spring Data JPA repositories in DEFAULT mode.
""2024-09-13 22:15:03,883 INFO  [main] org.springframework.data.repository.config.RepositoryConfigurationDelegate:Finished Spring Data repository scanning in 78 ms. Found 3 JPA repository interfaces.
""2024-09-13 22:15:04,599 INFO  [main] org.springframework.boot.web.embedded.tomcat.TomcatWebServer:Tomcat initialized with port(s): 8080 (http)
""2024-09-13 22:15:04,618 INFO  [main] org.apache.catalina.core.StandardService:Starting service [Tomcat]
""2024-09-13 22:15:04,618 INFO  [main] org.apache.catalina.core.StandardEngine:Starting Servlet engine: [Apache Tomcat/9.0.68]
""2024-09-13 22:15:04,781 INFO  [main] org.apache.catalina.core.ContainerBase.[Tomcat].[localhost].[/]:Initializing Spring embedded WebApplicationContext
""2024-09-13 22:15:04,782 INFO  [main] org.springframework.boot.web.servlet.context.ServletWebServerApplicationContext:Root WebApplicationContext: initialization completed in 1660 ms
""2024-09-13 22:15:05,012 INFO  [main] org.hibernate.jpa.internal.util.LogHelper:HHH000204: Processing PersistenceUnitInfo [name: default]
""2024-09-13 22:15:05,081 INFO  [main] org.hibernate.Version:HHH000412: Hibernate ORM core version 5.6.12.Final
""2024-09-13 22:15:05,290 INFO  [main] org.hibernate.annotations.common.Version:HCANN000001: Hibernate Commons Annotations {5.1.2.Final}
""2024-09-13 22:15:05,412 INFO  [main] com.zaxxer.hikari.HikariDataSource:HikariPool-1 - Starting...
""2024-09-13 22:15:05,601 INFO  [main] com.zaxxer.hikari.HikariDataSource:HikariPool-1 - Start completed.
""2024-09-13 22:15:05,626 INFO  [main] org.hibernate.dialect.Dialect:HHH000400: Using dialect: org.hibernate.dialect.PostgreSQL81Dialect
""2024-09-13 22:15:06,559 INFO  [main] org.hibernate.engine.transaction.jta.platform.internal.JtaPlatformInitiator:HHH000490: Using JtaPlatform implementation: [org.hibernate.engine.transaction.jta.platform.internal.NoJtaPlatform]
""2024-09-13 22:15:06,565 INFO  [main] org.springframework.orm.jpa.LocalContainerEntityManagerFactoryBean:Initialized JPA EntityManagerFactory for persistence unit 'default'
""2024-09-13 22:15:07,402 WARN  [main] org.springframework.boot.autoconfigure.orm.jpa.JpaBaseConfiguration$JpaWebConfiguration:spring.jpa.open-in-view is enabled by default. Therefore, database queries may be performed during view rendering. Explicitly configure spring.jpa.open-in-view to disable this warning
""2024-09-13 22:15:07,663 INFO  [main] org.springframework.security.web.DefaultSecurityFilterChain:Will secure any request with [org.springframework.security.web.session.DisableEncodeUrlFilter@2087c939, org.springframework.security.web.context.request.async.WebAsyncManagerIntegrationFilter@6c3a7b84, org.springframework.security.web.context.SecurityContextPersistenceFilter@c14bbab, org.springframework.security.web.header.HeaderWriterFilter@a11efe6, org.springframework.web.filter.CorsFilter@123e9094, org.springframework.security.web.authentication.logout.LogoutFilter@745c8a04, com.dogukan.security.jwt.AuthTokenFilter@240291d9, org.springframework.security.web.savedrequest.RequestCacheAwareFilter@4a0c04ab, org.springframework.security.web.servletapi.SecurityContextHolderAwareRequestFilter@453439e, org.springframework.security.web.authentication.AnonymousAuthenticationFilter@1f6ba47b, org.springframework.security.web.session.SessionManagementFilter@5b74bb75, org.springframework.security.web.access.ExceptionTranslationFilter@6e5b3642, org.springframework.security.web.access.intercept.FilterSecurityInterceptor@3c4e17ea]
""2024-09-13 22:15:07,964 INFO  [main] org.springframework.boot.web.embedded.tomcat.TomcatWebServer:Tomcat started on port(s): 8080 (http) with context path ''
""2024-09-13 22:15:07,976 INFO  [main] com.dogukan.StudentManagementApplication:Started StudentManagementApplication in 5.308 seconds (JVM running for 5.696)
""2024-09-13 22:18:28,298 INFO  [SpringApplicationShutdownHook] org.springframework.orm.jpa.LocalContainerEntityManagerFactoryBean:Closing JPA EntityManagerFactory for persistence unit 'default'
""2024-09-13 22:18:28,301 INFO  [SpringApplicationShutdownHook] com.zaxxer.hikari.HikariDataSource:HikariPool-1 - Shutdown initiated...
""2024-09-13 22:18:28,303 INFO  [SpringApplicationShutdownHook] com.zaxxer.hikari.HikariDataSource:HikariPool-1 - Shutdown completed.
"